internal/modules/cjs/loader.js:964
    throw err;
    ^

Error: Cannot find module '/Users/riza/.npm/_npx/86862/lib/node_modules/pm2/lib/ProcessContainerFork.js'
    at Function.Module._resolveFilename (internal/modules/cjs/loader.js:961:17)
    at Function.Module._load (internal/modules/cjs/loader.js:854:27)
    at Function.executeUserEntryPoint [as runMain] (internal/modules/run_main.js:71:12)
    at internal/main/run_main_module.js:17:47 {
  code: 'MODULE_NOT_FOUND',
  requireStack: []
}
internal/modules/cjs/loader.js:964
    throw err;
    ^

Error: Cannot find module '/Users/riza/.npm/_npx/86862/lib/node_modules/pm2/lib/ProcessContainerFork.js'
    at Function.Module._resolveFilename (internal/modules/cjs/loader.js:961:17)
    at Function.Module._load (internal/modules/cjs/loader.js:854:27)
    at Function.executeUserEntryPoint [as runMain] (internal/modules/run_main.js:71:12)
    at internal/main/run_main_module.js:17:47 {
  code: 'MODULE_NOT_FOUND',
  requireStack: []
}
internal/modules/cjs/loader.js:964
    throw err;
    ^

Error: Cannot find module '/Users/riza/.npm/_npx/86862/lib/node_modules/pm2/lib/ProcessContainerFork.js'
    at Function.Module._resolveFilename (internal/modules/cjs/loader.js:961:17)
    at Function.Module._load (internal/modules/cjs/loader.js:854:27)
    at Function.executeUserEntryPoint [as runMain] (internal/modules/run_main.js:71:12)
    at internal/main/run_main_module.js:17:47 {
  code: 'MODULE_NOT_FOUND',
  requireStack: []
}
internal/modules/cjs/loader.js:964
    throw err;
    ^

Error: Cannot find module '/Users/riza/.npm/_npx/86862/lib/node_modules/pm2/lib/ProcessContainerFork.js'
    at Function.Module._resolveFilename (internal/modules/cjs/loader.js:961:17)
    at Function.Module._load (internal/modules/cjs/loader.js:854:27)
    at Function.executeUserEntryPoint [as runMain] (internal/modules/run_main.js:71:12)
    at internal/main/run_main_module.js:17:47 {
  code: 'MODULE_NOT_FOUND',
  requireStack: []
}
internal/modules/cjs/loader.js:964
    throw err;
    ^

Error: Cannot find module '/Users/riza/.npm/_npx/86862/lib/node_modules/pm2/lib/ProcessContainerFork.js'
    at Function.Module._resolveFilename (internal/modules/cjs/loader.js:961:17)
    at Function.Module._load (internal/modules/cjs/loader.js:854:27)
    at Function.executeUserEntryPoint [as runMain] (internal/modules/run_main.js:71:12)
    at internal/main/run_main_module.js:17:47 {
  code: 'MODULE_NOT_FOUND',
  requireStack: []
}
internal/modules/cjs/loader.js:964
    throw err;
    ^

Error: Cannot find module '/Users/riza/.npm/_npx/86862/lib/node_modules/pm2/lib/ProcessContainerFork.js'
    at Function.Module._resolveFilename (internal/modules/cjs/loader.js:961:17)
    at Function.Module._load (internal/modules/cjs/loader.js:854:27)
    at Function.executeUserEntryPoint [as runMain] (internal/modules/run_main.js:71:12)
    at internal/main/run_main_module.js:17:47 {
  code: 'MODULE_NOT_FOUND',
  requireStack: []
}
internal/modules/cjs/loader.js:964
    throw err;
    ^

Error: Cannot find module '/Users/riza/.npm/_npx/86862/lib/node_modules/pm2/lib/ProcessContainerFork.js'
    at Function.Module._resolveFilename (internal/modules/cjs/loader.js:961:17)
    at Function.Module._load (internal/modules/cjs/loader.js:854:27)
    at Function.executeUserEntryPoint [as runMain] (internal/modules/run_main.js:71:12)
    at internal/main/run_main_module.js:17:47 {
  code: 'MODULE_NOT_FOUND',
  requireStack: []
}
internal/modules/cjs/loader.js:964
    throw err;
    ^

Error: Cannot find module '/Users/riza/.npm/_npx/86862/lib/node_modules/pm2/lib/ProcessContainerFork.js'
    at Function.Module._resolveFilename (internal/modules/cjs/loader.js:961:17)
    at Function.Module._load (internal/modules/cjs/loader.js:854:27)
    at Function.executeUserEntryPoint [as runMain] (internal/modules/run_main.js:71:12)
    at internal/main/run_main_module.js:17:47 {
  code: 'MODULE_NOT_FOUND',
  requireStack: []
}
internal/modules/cjs/loader.js:964
    throw err;
    ^

Error: Cannot find module '/Users/riza/.npm/_npx/86862/lib/node_modules/pm2/lib/ProcessContainerFork.js'
    at Function.Module._resolveFilename (internal/modules/cjs/loader.js:961:17)
    at Function.Module._load (internal/modules/cjs/loader.js:854:27)
    at Function.executeUserEntryPoint [as runMain] (internal/modules/run_main.js:71:12)
    at internal/main/run_main_module.js:17:47 {
  code: 'MODULE_NOT_FOUND',
  requireStack: []
}
internal/modules/cjs/loader.js:964
    throw err;
    ^

Error: Cannot find module '/Users/riza/.npm/_npx/86862/lib/node_modules/pm2/lib/ProcessContainerFork.js'
    at Function.Module._resolveFilename (internal/modules/cjs/loader.js:961:17)
    at Function.Module._load (internal/modules/cjs/loader.js:854:27)
    at Function.executeUserEntryPoint [as runMain] (internal/modules/run_main.js:71:12)
    at internal/main/run_main_module.js:17:47 {
  code: 'MODULE_NOT_FOUND',
  requireStack: []
}
internal/modules/cjs/loader.js:964
    throw err;
    ^

Error: Cannot find module '/Users/riza/.npm/_npx/86862/lib/node_modules/pm2/lib/ProcessContainerFork.js'
    at Function.Module._resolveFilename (internal/modules/cjs/loader.js:961:17)
    at Function.Module._load (internal/modules/cjs/loader.js:854:27)
    at Function.executeUserEntryPoint [as runMain] (internal/modules/run_main.js:71:12)
    at internal/main/run_main_module.js:17:47 {
  code: 'MODULE_NOT_FOUND',
  requireStack: []
}
internal/modules/cjs/loader.js:964
    throw err;
    ^

Error: Cannot find module '/Users/riza/.npm/_npx/86862/lib/node_modules/pm2/lib/ProcessContainerFork.js'
    at Function.Module._resolveFilename (internal/modules/cjs/loader.js:961:17)
    at Function.Module._load (internal/modules/cjs/loader.js:854:27)
    at Function.executeUserEntryPoint [as runMain] (internal/modules/run_main.js:71:12)
    at internal/main/run_main_module.js:17:47 {
  code: 'MODULE_NOT_FOUND',
  requireStack: []
}
internal/modules/cjs/loader.js:964
    throw err;
    ^

Error: Cannot find module '/Users/riza/.npm/_npx/86862/lib/node_modules/pm2/lib/ProcessContainerFork.js'
    at Function.Module._resolveFilename (internal/modules/cjs/loader.js:961:17)
    at Function.Module._load (internal/modules/cjs/loader.js:854:27)
    at Function.executeUserEntryPoint [as runMain] (internal/modules/run_main.js:71:12)
    at internal/main/run_main_module.js:17:47 {
  code: 'MODULE_NOT_FOUND',
  requireStack: []
}
internal/modules/cjs/loader.js:964
    throw err;
    ^

Error: Cannot find module '/Users/riza/.npm/_npx/86862/lib/node_modules/pm2/lib/ProcessContainerFork.js'
    at Function.Module._resolveFilename (internal/modules/cjs/loader.js:961:17)
    at Function.Module._load (internal/modules/cjs/loader.js:854:27)
    at Function.executeUserEntryPoint [as runMain] (internal/modules/run_main.js:71:12)
    at internal/main/run_main_module.js:17:47 {
  code: 'MODULE_NOT_FOUND',
  requireStack: []
}
internal/modules/cjs/loader.js:964
    throw err;
    ^

Error: Cannot find module '/Users/riza/.npm/_npx/86862/lib/node_modules/pm2/lib/ProcessContainerFork.js'
    at Function.Module._resolveFilename (internal/modules/cjs/loader.js:961:17)
    at Function.Module._load (internal/modules/cjs/loader.js:854:27)
    at Function.executeUserEntryPoint [as runMain] (internal/modules/run_main.js:71:12)
    at internal/main/run_main_module.js:17:47 {
  code: 'MODULE_NOT_FOUND',
  requireStack: []
}
internal/modules/cjs/loader.js:964
    throw err;
    ^

Error: Cannot find module '/Users/riza/.npm/_npx/86862/lib/node_modules/pm2/lib/ProcessContainerFork.js'
    at Function.Module._resolveFilename (internal/modules/cjs/loader.js:961:17)
    at Function.Module._load (internal/modules/cjs/loader.js:854:27)
    at Function.executeUserEntryPoint [as runMain] (internal/modules/run_main.js:71:12)
    at internal/main/run_main_module.js:17:47 {
  code: 'MODULE_NOT_FOUND',
  requireStack: []
}
